[debug] [2022-09-16T01:47:43.192Z] ----------------------------------------------------------------------
[debug] [2022-09-16T01:47:43.194Z] Command:       /Users/sato.m/.nodebrew/node/v14.18.1/bin/node /Users/sato.m/.nodebrew/current/bin/firebase init
[debug] [2022-09-16T01:47:43.194Z] CLI Version:   11.8.0
[debug] [2022-09-16T01:47:43.194Z] Platform:      darwin
[debug] [2022-09-16T01:47:43.194Z] Node Version:  v14.18.1
[debug] [2022-09-16T01:47:43.196Z] Time:          Fri Sep 16 2022 10:47:43 GMT+0900 (日本標準時)
[debug] [2022-09-16T01:47:43.196Z] ----------------------------------------------------------------------
[debug] 
[debug] [2022-09-16T01:47:43.199Z] >>> [apiv2][query] GET https://firebase-public.firebaseio.com/cli.json [none]
[debug] [2022-09-16T01:47:43.279Z] > command requires scopes: ["email","openid","https://www.googleapis.com/auth/cloudplatformprojects.readonly","https://www.googleapis.com/auth/firebase","https://www.googleapis.com/auth/cloud-platform"]
[debug] [2022-09-16T01:47:43.279Z] > authorizing via signed-in user (miiiiichan.fe@gmail.com)
[info] 
     ######## #### ########  ######## ########     ###     ######  ########
     ##        ##  ##     ## ##       ##     ##  ##   ##  ##       ##
     ######    ##  ########  ######   ########  #########  ######  ######
     ##        ##  ##    ##  ##       ##     ## ##     ##       ## ##
     ##       #### ##     ## ######## ########  ##     ##  ######  ########

You're about to initialize a Firebase project in this directory:

  /Users/sato.m/Documents/GIT/Deliverables_2209/my-app

Before we get started, keep in mind:

  * You are initializing within an existing Firebase project directory

[debug] [2022-09-16T01:47:43.744Z] <<< [apiv2][status] GET https://firebase-public.firebaseio.com/cli.json 200
[debug] [2022-09-16T01:47:43.744Z] <<< [apiv2][body] GET https://firebase-public.firebaseio.com/cli.json {"cloudBuildErrorAfter":1594252800000,"cloudBuildWarnAfter":1590019200000,"defaultNode10After":1594252800000,"minVersion":"3.0.5","node8DeploysDisabledAfter":1613390400000,"node8RuntimeDisabledAfter":1615809600000,"node8WarnAfter":1600128000000}
